<?xml version="1.0" encoding="UTF-8"?>
<!-- Generated by org.testng.reporters.JUnitXMLReporter -->
<testsuite ignored="0" hostname="HP" failures="2" tests="4" name="Test" time="26.662" errors="0" timestamp="2024-07-27T13:21:42 IST">
  <testcase classname="com.testpackage.TestClass" name="Testcase1" time="4.923"/>
  <testcase classname="com.testpackage.TestClass" name="Testcase2" time="11.934">
    <failure type="java.lang.AssertionError" message="expected [true] but found [false]">
      <![CDATA[java.lang.AssertionError: expected [true] but found [false]
at com.testpackage.TestClass.Testcase2(TestClass.java:22)
at java.base/java.util.ArrayList.forEach(ArrayList.java:1541)
... Removed 31 stack frames]]>
    </failure>
  </testcase> <!-- Testcase2 -->
  <testcase classname="com.testpackage.TestClass2" name="Testcase3" time="3.928"/>
  <testcase classname="com.testpackage.TestClass2" name="Testcase4" time="3.473">
    <failure type="java.lang.AssertionError" message="expected [true] but found [false]">
      <![CDATA[java.lang.AssertionError: expected [true] but found [false]
at com.testpackage.TestClass2.Testcase4(TestClass2.java:22)
at java.base/java.util.ArrayList.forEach(ArrayList.java:1541)
... Removed 31 stack frames]]>
    </failure>
  </testcase> <!-- Testcase4 -->
</testsuite> <!-- Test -->
